#
# There is insufficient memory for the Java Runtime Environment to continue.
# Native memory allocation (malloc) failed to allocate 614896 bytes for Chunk::new
# Possible reasons:
#   The system is out of physical RAM or swap space
#   The process is running with CompressedOops enabled, and the Java Heap may be blocking the growth of the native heap
# Possible solutions:
#   Reduce memory load on the system
#   Increase physical memory or swap space
#   Check if swap backing store is full
#   Decrease Java heap size (-Xmx/-Xms)
#   Decrease number of Java threads
#   Decrease Java thread stack sizes (-Xss)
#   Set larger code cache with -XX:ReservedCodeCacheSize=
#   JVM is running with Unscaled Compressed Oops mode in which the Java heap is
#     placed in the first 4GB address space. The Java Heap base address is the
#     maximum limit for the native heap growth. Please use -XX:HeapBaseMinAddress
#     to set the Java Heap base and to place the Java Heap above 4GB virtual address.
# This output file may be truncated or incomplete.
#
#  Out of Memory Error (./open/src/hotspot/share/memory/arena.cpp:197), pid=10512, tid=16504
#
# JRE version: Java(TM) SE Runtime Environment 18.9 (11.0.17+10) (build 11.0.17+10-LTS-269)
# Java VM: Java HotSpot(TM) 64-Bit Server VM 18.9 (11.0.17+10-LTS-269, mixed mode, tiered, compressed oops, g1 gc, windows-amd64)
# No core dump will be written. Minidumps are not enabled by default on client versions of Windows
#

---------------  S U M M A R Y ------------

Command Line: -Xms256m -Xmx2048m com.nvuillam.CodeNarcServer --server

Host: Intel(R) Core(TM) i3-7020U CPU @ 2.30GHz, 4 cores, 11G,  Windows 10 , 64 bit Build 19041 (10.0.19041.2546)
Time: Fri Mar 10 19:55:29 2023 India Standard Time elapsed time: 4.698979 seconds (0d 0h 0m 4s)

---------------  T H R E A D  ---------------

Current thread (0x0000015a6fb55000):  JavaThread "C2 CompilerThread0" daemon [_thread_in_native, id=16504, stack(0x0000001db3400000,0x0000001db3500000)]


Current CompileTask:
C2:   4699 3261       4       groovy.lang.MetaClassImpl::addMetaMethodToIndex (65 bytes)

Stack: [0x0000001db3400000,0x0000001db3500000]
Native frames: (J=compiled Java code, j=interpreted, Vv=VM code, C=native code)
V  [jvm.dll+0x62b5da]
V  [jvm.dll+0x7653df]
V  [jvm.dll+0x766a89]
V  [jvm.dll+0x767113]
V  [jvm.dll+0x23dd28]
V  [jvm.dll+0xb2a1c]
V  [jvm.dll+0xb2fdc]
V  [jvm.dll+0x341552]
V  [jvm.dll+0x18ce51]
V  [jvm.dll+0x1f8815]
V  [jvm.dll+0x1f78fd]
V  [jvm.dll+0x177c91]
V  [jvm.dll+0x207296]
V  [jvm.dll+0x20542b]
V  [jvm.dll+0x72b2c0]
V  [jvm.dll+0x723e64]
V  [jvm.dll+0x62a485]
C  [ucrtbase.dll+0x21bb2]
C  [KERNEL32.DLL+0x17614]
C  [ntdll.dll+0x526a1]


---------------  P R O C E S S  ---------------

Threads class SMR info:
_java_thread_list=0x0000015a71a21d20, length=20, elements={
0x0000015a6f2c9000, 0x0000015a6f2cc800, 0x0000015a6fb02000, 0x0000015a6fb04000,
0x0000015a6fb06000, 0x0000015a6fb55000, 0x0000015a6fb77000, 0x0000015a6fb82000,
0x0000015a6fcef000, 0x0000015a7043a000, 0x0000015a71890800, 0x0000015a71272800,
0x0000015a713ec800, 0x0000015a713ed000, 0x0000015a7070b000, 0x0000015a712a8000,
0x0000015a71234000, 0x0000015a71231800, 0x0000015a71232800, 0x0000015a71233800
}

Java Threads: ( => current thread )
  0x0000015a6f2c9000 JavaThread "Reference Handler" daemon [_thread_blocked, id=15584, stack(0x0000001db2f00000,0x0000001db3000000)]
  0x0000015a6f2cc800 JavaThread "Finalizer" daemon [_thread_blocked, id=19380, stack(0x0000001db3000000,0x0000001db3100000)]
  0x0000015a6fb02000 JavaThread "Signal Dispatcher" daemon [_thread_blocked, id=14344, stack(0x0000001db3100000,0x0000001db3200000)]
  0x0000015a6fb04000 JavaThread "Attach Listener" daemon [_thread_blocked, id=15620, stack(0x0000001db3200000,0x0000001db3300000)]
  0x0000015a6fb06000 JavaThread "Service Thread" daemon [_thread_blocked, id=9644, stack(0x0000001db3300000,0x0000001db3400000)]
=>0x0000015a6fb55000 JavaThread "C2 CompilerThread0" daemon [_thread_in_native, id=16504, stack(0x0000001db3400000,0x0000001db3500000)]
  0x0000015a6fb77000 JavaThread "C1 CompilerThread0" daemon [_thread_in_native, id=22104, stack(0x0000001db3500000,0x0000001db3600000)]
  0x0000015a6fb82000 JavaThread "Sweeper thread" daemon [_thread_blocked, id=16100, stack(0x0000001db3600000,0x0000001db3700000)]
  0x0000015a6fcef000 JavaThread "Common-Cleaner" daemon [_thread_blocked, id=16704, stack(0x0000001db3800000,0x0000001db3900000)]
  0x0000015a7043a000 JavaThread "idle-timeout-task" daemon [_thread_blocked, id=15996, stack(0x0000001db3d00000,0x0000001db3e00000)]
  0x0000015a71890800 JavaThread "HTTP-Dispatcher" [_thread_in_native, id=13172, stack(0x0000001db3f00000,0x0000001db4000000)]
  0x0000015a71272800 JavaThread "pool-1-thread-1" [_thread_blocked, id=18680, stack(0x0000001db4000000,0x0000001db4100000)]
  0x0000015a713ec800 JavaThread "pool-1-thread-2" [_thread_in_vm, id=18644, stack(0x0000001db4100000,0x0000001db4200000)]
  0x0000015a713ed000 JavaThread "pool-1-thread-3" [_thread_blocked, id=22032, stack(0x0000001db4200000,0x0000001db4300000)]
  0x0000015a7070b000 JavaThread "pool-1-thread-4" [_thread_blocked, id=15040, stack(0x0000001db4300000,0x0000001db4400000)]
  0x0000015a712a8000 JavaThread "C2 CompilerThread1" daemon [_thread_in_native, id=18732, stack(0x0000001db4400000,0x0000001db4500000)]
  0x0000015a71234000 JavaThread "DestroyJavaVM" [_thread_blocked, id=20464, stack(0x0000001db2800000,0x0000001db2900000)]
  0x0000015a71231800 JavaThread "pool-1-thread-5" [_thread_blocked, id=3752, stack(0x0000001db4500000,0x0000001db4600000)]
  0x0000015a71232800 JavaThread "Timer-1" [_thread_blocked, id=16360, stack(0x0000001db4600000,0x0000001db4700000)]
  0x0000015a71233800 JavaThread "Timer-2" [_thread_blocked, id=2844, stack(0x0000001db4700000,0x0000001db4800000)]

Other Threads:
  0x0000015a6f2c7800 VMThread "VM Thread" [stack: 0x0000001db2e00000,0x0000001db2f00000] [id=22436]
  0x0000015a6fcea800 WatcherThread [stack: 0x0000001db3700000,0x0000001db3800000] [id=20904]
  0x0000015a513ae800 GCTaskThread "GC Thread#0" [stack: 0x0000001db2900000,0x0000001db2a00000] [id=21768]
  0x0000015a7013d000 GCTaskThread "GC Thread#1" [stack: 0x0000001db3900000,0x0000001db3a00000] [id=14252]
  0x0000015a7013e000 GCTaskThread "GC Thread#2" [stack: 0x0000001db3a00000,0x0000001db3b00000] [id=19116]
  0x0000015a7038e800 GCTaskThread "GC Thread#3" [stack: 0x0000001db3b00000,0x0000001db3c00000] [id=5728]
  0x0000015a513e0800 ConcurrentGCThread "G1 Main Marker" [stack: 0x0000001db2a00000,0x0000001db2b00000] [id=7436]
  0x0000015a513e2000 ConcurrentGCThread "G1 Conc#0" [stack: 0x0000001db2b00000,0x0000001db2c00000] [id=18236]
  0x0000015a6f12e800 ConcurrentGCThread "G1 Refine#0" [stack: 0x0000001db2c00000,0x0000001db2d00000] [id=20672]
  0x0000015a7019d800 ConcurrentGCThread "G1 Refine#1" [stack: 0x0000001db3c00000,0x0000001db3d00000] [id=8480]
  0x0000015a6f12f800 ConcurrentGCThread "G1 Young RemSet Sampling" [stack: 0x0000001db2d00000,0x0000001db2e00000] [id=17492]

Threads with active compile tasks:
C2 CompilerThread0     4759 3261       4       groovy.lang.MetaClassImpl::addMetaMethodToIndex (65 bytes)
C1 CompilerThread0     4759 3396  s!   2       jdk.internal.loader.URLClassPath::getLoader (194 bytes)
C2 CompilerThread1     4759 3369       4       java.lang.Module::isNamed (13 bytes)

VM state:not at safepoint (normal execution)

VM Mutex/Monitor currently owned by a thread:  ([mutex/lock_event])
[0x0000015a51396090] MethodCompileQueue_lock - owner thread: 0x0000000000000000

Heap address: 0x0000000080000000, size: 2048 MB, Compressed Oops mode: 32-bit
Narrow klass base: 0x0000000000000000, Narrow klass shift: 3
Compressed class space size: 1073741824 Address: 0x0000000100000000

Heap:
 garbage-first heap   total 262144K, used 54794K [0x0000000080000000, 0x0000000100000000)
  region size 1024K, 52 young (53248K), 7 survivors (7168K)
 Metaspace       used 25354K, capacity 26254K, committed 26496K, reserved 1073152K
  class space    used 2781K, capacity 3151K, committed 3200K, reserved 1048576K
Heap Regions: E=young(eden), S=young(survivor), O=old, HS=humongous(starts), HC=humongous(continues), CS=collection set, F=free, A=archive, TAMS=top-at-mark-start (previous, next)
|   0|0x0000000080000000, 0x0000000080100000, 0x0000000080100000|100%| O|  |TAMS 0x0000000080100000, 0x0000000080000000| Untracked 
|   1|0x0000000080100000, 0x0000000080200000, 0x0000000080200000|100%| O|  |TAMS 0x0000000080200000, 0x0000000080100000| Untracked 
|   2|0x0000000080200000, 0x0000000080300000, 0x0000000080300000|100%| O|  |TAMS 0x0000000080300000, 0x0000000080200000| Untracked 
|   3|0x0000000080300000, 0x0000000080400000, 0x0000000080400000|100%| O|  |TAMS 0x0000000080400000, 0x0000000080300000| Untracked 
|   4|0x0000000080400000, 0x000000008040c600, 0x0000000080500000|  4%| O|  |TAMS 0x000000008040c600, 0x0000000080400000| Untracked 
|   5|0x0000000080500000, 0x0000000080500000, 0x0000000080600000|  0%| F|  |TAMS 0x0000000080500000, 0x0000000080500000| Untracked 
|   6|0x0000000080600000, 0x0000000080600000, 0x0000000080700000|  0%| F|  |TAMS 0x0000000080600000, 0x0000000080600000| Untracked 
|   7|0x0000000080700000, 0x0000000080700000, 0x0000000080800000|  0%| F|  |TAMS 0x0000000080700000, 0x0000000080700000| Untracked 
|   8|0x0000000080800000, 0x0000000080800000, 0x0000000080900000|  0%| F|  |TAMS 0x0000000080800000, 0x0000000080800000| Untracked 
|   9|0x0000000080900000, 0x0000000080900000, 0x0000000080a00000|  0%| F|  |TAMS 0x0000000080900000, 0x0000000080900000| Untracked 
|  10|0x0000000080a00000, 0x0000000080a00000, 0x0000000080b00000|  0%| F|  |TAMS 0x0000000080a00000, 0x0000000080a00000| Untracked 
|  11|0x0000000080b00000, 0x0000000080b00000, 0x0000000080c00000|  0%| F|  |TAMS 0x0000000080b00000, 0x0000000080b00000| Untracked 
|  12|0x0000000080c00000, 0x0000000080c00000, 0x0000000080d00000|  0%| F|  |TAMS 0x0000000080c00000, 0x0000000080c00000| Untracked 
|  13|0x0000000080d00000, 0x0000000080d00000, 0x0000000080e00000|  0%| F|  |TAMS 0x0000000080d00000, 0x0000000080d00000| Untracked 
|  14|0x0000000080e00000, 0x0000000080e00000, 0x0000000080f00000|  0%| F|  |TAMS 0x0000000080e00000, 0x0000000080e00000| Untracked 
|  15|0x0000000080f00000, 0x0000000080f00000, 0x0000000081000000|  0%| F|  |TAMS 0x0000000080f00000, 0x0000000080f00000| Untracked 
|  16|0x0000000081000000, 0x0000000081000000, 0x0000000081100000|  0%| F|  |TAMS 0x0000000081000000, 0x0000000081000000| Untracked 
|  17|0x0000000081100000, 0x0000000081100000, 0x0000000081200000|  0%| F|  |TAMS 0x0000000081100000, 0x0000000081100000| Untracked 
|  18|0x0000000081200000, 0x0000000081200000, 0x0000000081300000|  0%| F|  |TAMS 0x0000000081200000, 0x0000000081200000| Untracked 
|  19|0x0000000081300000, 0x0000000081300000, 0x0000000081400000|  0%| F|  |TAMS 0x0000000081300000, 0x0000000081300000| Untracked 
|  20|0x0000000081400000, 0x0000000081400000, 0x0000000081500000|  0%| F|  |TAMS 0x0000000081400000, 0x0000000081400000| Untracked 
|  21|0x0000000081500000, 0x0000000081500000, 0x0000000081600000|  0%| F|  |TAMS 0x0000000081500000, 0x0000000081500000| Untracked 
|  22|0x0000000081600000, 0x0000000081600000, 0x0000000081700000|  0%| F|  |TAMS 0x0000000081600000, 0x0000000081600000| Untracked 
|  23|0x0000000081700000, 0x0000000081700000, 0x0000000081800000|  0%| F|  |TAMS 0x0000000081700000, 0x0000000081700000| Untracked 
|  24|0x0000000081800000, 0x0000000081800000, 0x0000000081900000|  0%| F|  |TAMS 0x0000000081800000, 0x0000000081800000| Untracked 
|  25|0x0000000081900000, 0x0000000081900000, 0x0000000081a00000|  0%| F|  |TAMS 0x0000000081900000, 0x0000000081900000| Untracked 
|  26|0x0000000081a00000, 0x0000000081a00000, 0x0000000081b00000|  0%| F|  |TAMS 0x0000000081a00000, 0x0000000081a00000| Untracked 
|  27|0x0000000081b00000, 0x0000000081b00000, 0x0000000081c00000|  0%| F|  |TAMS 0x0000000081b00000, 0x0000000081b00000| Untracked 
|  28|0x0000000081c00000, 0x0000000081c00000, 0x0000000081d00000|  0%| F|  |TAMS 0x0000000081c00000, 0x0000000081c00000| Untracked 
|  29|0x0000000081d00000, 0x0000000081d00000, 0x0000000081e00000|  0%| F|  |TAMS 0x0000000081d00000, 0x0000000081d00000| Untracked 
|  30|0x0000000081e00000, 0x0000000081e00000, 0x0000000081f00000|  0%| F|  |TAMS 0x0000000081e00000, 0x0000000081e00000| Untracked 
|  31|0x0000000081f00000, 0x0000000081f00000, 0x0000000082000000|  0%| F|  |TAMS 0x0000000081f00000, 0x0000000081f00000| Untracked 
|  32|0x0000000082000000, 0x0000000082000000, 0x0000000082100000|  0%| F|  |TAMS 0x0000000082000000, 0x0000000082000000| Untracked 
|  33|0x0000000082100000, 0x0000000082100000, 0x0000000082200000|  0%| F|  |TAMS 0x0000000082100000, 0x0000000082100000| Untracked 
|  34|0x0000000082200000, 0x0000000082200000, 0x0000000082300000|  0%| F|  |TAMS 0x0000000082200000, 0x0000000082200000| Untracked 
|  35|0x0000000082300000, 0x0000000082300000, 0x0000000082400000|  0%| F|  |TAMS 0x0000000082300000, 0x0000000082300000| Untracked 
|  36|0x0000000082400000, 0x0000000082400000, 0x0000000082500000|  0%| F|  |TAMS 0x0000000082400000, 0x0000000082400000| Untracked 
|  37|0x0000000082500000, 0x0000000082500000, 0x0000000082600000|  0%| F|  |TAMS 0x0000000082500000, 0x0000000082500000| Untracked 
|  38|0x0000000082600000, 0x0000000082600000, 0x0000000082700000|  0%| F|  |TAMS 0x0000000082600000, 0x0000000082600000| Untracked 
|  39|0x0000000082700000, 0x0000000082700000, 0x0000000082800000|  0%| F|  |TAMS 0x0000000082700000, 0x0000000082700000| Untracked 
|  40|0x0000000082800000, 0x0000000082800000, 0x0000000082900000|  0%| F|  |TAMS 0x0000000082800000, 0x0000000082800000| Untracked 
|  41|0x0000000082900000, 0x0000000082900000, 0x0000000082a00000|  0%| F|  |TAMS 0x0000000082900000, 0x0000000082900000| Untracked 
|  42|0x0000000082a00000, 0x0000000082a00000, 0x0000000082b00000|  0%| F|  |TAMS 0x0000000082a00000, 0x0000000082a00000| Untracked 
|  43|0x0000000082b00000, 0x0000000082b00000, 0x0000000082c00000|  0%| F|  |TAMS 0x0000000082b00000, 0x0000000082b00000| Untracked 
|  44|0x0000000082c00000, 0x0000000082c00000, 0x0000000082d00000|  0%| F|  |TAMS 0x0000000082c00000, 0x0000000082c00000| Untracked 
|  45|0x0000000082d00000, 0x0000000082d00000, 0x0000000082e00000|  0%| F|  |TAMS 0x0000000082d00000, 0x0000000082d00000| Untracked 
|  46|0x0000000082e00000, 0x0000000082e00000, 0x0000000082f00000|  0%| F|  |TAMS 0x0000000082e00000, 0x0000000082e00000| Untracked 
|  47|0x0000000082f00000, 0x0000000082f00000, 0x0000000083000000|  0%| F|  |TAMS 0x0000000082f00000, 0x0000000082f00000| Untracked 
|  48|0x0000000083000000, 0x0000000083000000, 0x0000000083100000|  0%| F|  |TAMS 0x0000000083000000, 0x0000000083000000| Untracked 
|  49|0x0000000083100000, 0x0000000083100000, 0x0000000083200000|  0%| F|  |TAMS 0x0000000083100000, 0x0000000083100000| Untracked 
|  50|0x0000000083200000, 0x0000000083200000, 0x0000000083300000|  0%| F|  |TAMS 0x0000000083200000, 0x0000000083200000| Untracked 
|  51|0x0000000083300000, 0x0000000083300000, 0x0000000083400000|  0%| F|  |TAMS 0x0000000083300000, 0x0000000083300000| Untracked 
|  52|0x0000000083400000, 0x0000000083400000, 0x0000000083500000|  0%| F|  |TAMS 0x0000000083400000, 0x0000000083400000| Untracked 
|  53|0x0000000083500000, 0x0000000083500000, 0x0000000083600000|  0%| F|  |TAMS 0x0000000083500000, 0x0000000083500000| Untracked 
|  54|0x0000000083600000, 0x0000000083600000, 0x0000000083700000|  0%| F|  |TAMS 0x0000000083600000, 0x0000000083600000| Untracked 
|  55|0x0000000083700000, 0x0000000083700000, 0x0000000083800000|  0%| F|  |TAMS 0x0000000083700000, 0x0000000083700000| Untracked 
|  56|0x0000000083800000, 0x0000000083800000, 0x0000000083900000|  0%| F|  |TAMS 0x0000000083800000, 0x0000000083800000| Untracked 
|  57|0x0000000083900000, 0x0000000083900000, 0x0000000083a00000|  0%| F|  |TAMS 0x0000000083900000, 0x0000000083900000| Untracked 
|  58|0x0000000083a00000, 0x0000000083a00000, 0x0000000083b00000|  0%| F|  |TAMS 0x0000000083a00000, 0x0000000083a00000| Untracked 
|  59|0x0000000083b00000, 0x0000000083b00000, 0x0000000083c00000|  0%| F|  |TAMS 0x0000000083b00000, 0x0000000083b00000| Untracked 
|  60|0x0000000083c00000, 0x0000000083c00000, 0x0000000083d00000|  0%| F|  |TAMS 0x0000000083c00000, 0x0000000083c00000| Untracked 
|  61|0x0000000083d00000, 0x0000000083d00000, 0x0000000083e00000|  0%| F|  |TAMS 0x0000000083d00000, 0x0000000083d00000| Untracked 
|  62|0x0000000083e00000, 0x0000000083e00000, 0x0000000083f00000|  0%| F|  |TAMS 0x0000000083e00000, 0x0000000083e00000| Untracked 
|  63|0x0000000083f00000, 0x0000000083f00000, 0x0000000084000000|  0%| F|  |TAMS 0x0000000083f00000, 0x0000000083f00000| Untracked 
|  64|0x0000000084000000, 0x0000000084000000, 0x0000000084100000|  0%| F|  |TAMS 0x0000000084000000, 0x0000000084000000| Untracked 
|  65|0x0000000084100000, 0x0000000084100000, 0x0000000084200000|  0%| F|  |TAMS 0x0000000084100000, 0x0000000084100000| Untracked 
|  66|0x0000000084200000, 0x0000000084200000, 0x0000000084300000|  0%| F|  |TAMS 0x0000000084200000, 0x0000000084200000| Untracked 
|  67|0x0000000084300000, 0x0000000084300000, 0x0000000084400000|  0%| F|  |TAMS 0x0000000084300000, 0x0000000084300000| Untracked 
|  68|0x0000000084400000, 0x0000000084400000, 0x0000000084500000|  0%| F|  |TAMS 0x0000000084400000, 0x0000000084400000| Untracked 
|  69|0x0000000084500000, 0x0000000084500000, 0x0000000084600000|  0%| F|  |TAMS 0x0000000084500000, 0x0000000084500000| Untracked 
|  70|0x0000000084600000, 0x0000000084600000, 0x0000000084700000|  0%| F|  |TAMS 0x0000000084600000, 0x0000000084600000| Untracked 
|  71|0x0000000084700000, 0x0000000084700000, 0x0000000084800000|  0%| F|  |TAMS 0x0000000084700000, 0x0000000084700000| Untracked 
|  72|0x0000000084800000, 0x0000000084800000, 0x0000000084900000|  0%| F|  |TAMS 0x0000000084800000, 0x0000000084800000| Untracked 
|  73|0x0000000084900000, 0x0000000084900000, 0x0000000084a00000|  0%| F|  |TAMS 0x0000000084900000, 0x0000000084900000| Untracked 
|  74|0x0000000084a00000, 0x0000000084a00000, 0x0000000084b00000|  0%| F|  |TAMS 0x0000000084a00000, 0x0000000084a00000| Untracked 
|  75|0x0000000084b00000, 0x0000000084b00000, 0x0000000084c00000|  0%| F|  |TAMS 0x0000000084b00000, 0x0000000084b00000| Untracked 
|  76|0x0000000084c00000, 0x0000000084c00000, 0x0000000084d00000|  0%| F|  |TAMS 0x0000000084c00000, 0x0000000084c00000| Untracked 
|  77|0x0000000084d00000, 0x0000000084d00000, 0x0000000084e00000|  0%| F|  |TAMS 0x0000000084d00000, 0x0000000084d00000| Untracked 
|  78|0x0000000084e00000, 0x0000000084e00000, 0x0000000084f00000|  0%| F|  |TAMS 0x0000000084e00000, 0x0000000084e00000| Untracked 
|  79|0x0000000084f00000, 0x0000000084f00000, 0x0000000085000000|  0%| F|  |TAMS 0x0000000084f00000, 0x0000000084f00000| Untracked 
|  80|0x0000000085000000, 0x0000000085000000, 0x0000000085100000|  0%| F|  |TAMS 0x0000000085000000, 0x0000000085000000| Untracked 
|  81|0x0000000085100000, 0x0000000085100000, 0x0000000085200000|  0%| F|  |TAMS 0x0000000085100000, 0x0000000085100000| Untracked 
|  82|0x0000000085200000, 0x0000000085200000, 0x0000000085300000|  0%| F|  |TAMS 0x0000000085200000, 0x0000000085200000| Untracked 
|  83|0x0000000085300000, 0x0000000085300000, 0x0000000085400000|  0%| F|  |TAMS 0x0000000085300000, 0x0000000085300000| Untracked 
|  84|0x0000000085400000, 0x0000000085400000, 0x0000000085500000|  0%| F|  |TAMS 0x0000000085400000, 0x0000000085400000| Untracked 
|  85|0x0000000085500000, 0x0000000085500000, 0x0000000085600000|  0%| F|  |TAMS 0x0000000085500000, 0x0000000085500000| Untracked 
|  86|0x0000000085600000, 0x0000000085600000, 0x0000000085700000|  0%| F|  |TAMS 0x0000000085600000, 0x0000000085600000| Untracked 
|  87|0x0000000085700000, 0x0000000085700000, 0x0000000085800000|  0%| F|  |TAMS 0x0000000085700000, 0x0000000085700000| Untracked 
|  88|0x0000000085800000, 0x0000000085800000, 0x0000000085900000|  0%| F|  |TAMS 0x0000000085800000, 0x0000000085800000| Untracked 
|  89|0x0000000085900000, 0x0000000085900000, 0x0000000085a00000|  0%| F|  |TAMS 0x0000000085900000, 0x0000000085900000| Untracked 
|  90|0x0000000085a00000, 0x0000000085a00000, 0x0000000085b00000|  0%| F|  |TAMS 0x0000000085a00000, 0x0000000085a00000| Untracked 
|  91|0x0000000085b00000, 0x0000000085b00000, 0x0000000085c00000|  0%| F|  |TAMS 0x0000000085b00000, 0x0000000085b00000| Untracked 
|  92|0x0000000085c00000, 0x0000000085c00000, 0x0000000085d00000|  0%| F|  |TAMS 0x0000000085c00000, 0x0000000085c00000| Untracked 
|  93|0x0000000085d00000, 0x0000000085d00000, 0x0000000085e00000|  0%| F|  |TAMS 0x0000000085d00000, 0x0000000085d00000| Untracked 
|  94|0x0000000085e00000, 0x0000000085e00000, 0x0000000085f00000|  0%| F|  |TAMS 0x0000000085e00000, 0x0000000085e00000| Untracked 
|  95|0x0000000085f00000, 0x0000000085f00000, 0x0000000086000000|  0%| F|  |TAMS 0x0000000085f00000, 0x0000000085f00000| Untracked 
|  96|0x0000000086000000, 0x0000000086000000, 0x0000000086100000|  0%| F|  |TAMS 0x0000000086000000, 0x0000000086000000| Untracked 
|  97|0x0000000086100000, 0x0000000086100000, 0x0000000086200000|  0%| F|  |TAMS 0x0000000086100000, 0x0000000086100000| Untracked 
|  98|0x0000000086200000, 0x0000000086200000, 0x0000000086300000|  0%| F|  |TAMS 0x0000000086200000, 0x0000000086200000| Untracked 
|  99|0x0000000086300000, 0x0000000086300000, 0x0000000086400000|  0%| F|  |TAMS 0x0000000086300000, 0x0000000086300000| Untracked 
| 100|0x0000000086400000, 0x0000000086400000, 0x0000000086500000|  0%| F|  |TAMS 0x0000000086400000, 0x0000000086400000| Untracked 
| 101|0x0000000086500000, 0x0000000086500000, 0x0000000086600000|  0%| F|  |TAMS 0x0000000086500000, 0x0000000086500000| Untracked 
| 102|0x0000000086600000, 0x0000000086600000, 0x0000000086700000|  0%| F|  |TAMS 0x0000000086600000, 0x0000000086600000| Untracked 
| 103|0x0000000086700000, 0x0000000086700000, 0x0000000086800000|  0%| F|  |TAMS 0x0000000086700000, 0x0000000086700000| Untracked 
| 104|0x0000000086800000, 0x0000000086800000, 0x0000000086900000|  0%| F|  |TAMS 0x0000000086800000, 0x0000000086800000| Untracked 
| 105|0x0000000086900000, 0x0000000086900000, 0x0000000086a00000|  0%| F|  |TAMS 0x0000000086900000, 0x0000000086900000| Untracked 
| 106|0x0000000086a00000, 0x0000000086a00000, 0x0000000086b00000|  0%| F|  |TAMS 0x0000000086a00000, 0x0000000086a00000| Untracked 
| 107|0x0000000086b00000, 0x0000000086b00000, 0x0000000086c00000|  0%| F|  |TAMS 0x0000000086b00000, 0x0000000086b00000| Untracked 
| 108|0x0000000086c00000, 0x0000000086c00000, 0x0000000086d00000|  0%| F|  |TAMS 0x0000000086c00000, 0x0000000086c00000| Untracked 
| 109|0x0000000086d00000, 0x0000000086d00000, 0x0000000086e00000|  0%| F|  |TAMS 0x0000000086d00000, 0x0000000086d00000| Untracked 
| 110|0x0000000086e00000, 0x0000000086e00000, 0x0000000086f00000|  0%| F|  |TAMS 0x0000000086e00000, 0x0000000086e00000| Untracked 
| 111|0x0000000086f00000, 0x0000000086f00000, 0x0000000087000000|  0%| F|  |TAMS 0x0000000086f00000, 0x0000000086f00000| Untracked 
| 112|0x0000000087000000, 0x0000000087000000, 0x0000000087100000|  0%| F|  |TAMS 0x0000000087000000, 0x0000000087000000| Untracked 
| 113|0x0000000087100000, 0x0000000087100000, 0x0000000087200000|  0%| F|  |TAMS 0x0000000087100000, 0x0000000087100000| Untracked 
| 114|0x0000000087200000, 0x0000000087200000, 0x0000000087300000|  0%| F|  |TAMS 0x0000000087200000, 0x0000000087200000| Untracked 
| 115|0x0000000087300000, 0x0000000087300000, 0x0000000087400000|  0%| F|  |TAMS 0x0000000087300000, 0x0000000087300000| Untracked 
| 116|0x0000000087400000, 0x0000000087400000, 0x0000000087500000|  0%| F|  |TAMS 0x0000000087400000, 0x0000000087400000| Untracked 
| 117|0x0000000087500000, 0x0000000087500000, 0x0000000087600000|  0%| F|  |TAMS 0x0000000087500000, 0x0000000087500000| Untracked 
| 118|0x0000000087600000, 0x0000000087600000, 0x0000000087700000|  0%| F|  |TAMS 0x0000000087600000, 0x0000000087600000| Untracked 
| 119|0x0000000087700000, 0x0000000087700000, 0x0000000087800000|  0%| F|  |TAMS 0x0000000087700000, 0x0000000087700000| Untracked 
| 120|0x0000000087800000, 0x0000000087800000, 0x0000000087900000|  0%| F|  |TAMS 0x0000000087800000, 0x0000000087800000| Untracked 
| 121|0x0000000087900000, 0x0000000087900000, 0x0000000087a00000|  0%| F|  |TAMS 0x0000000087900000, 0x0000000087900000| Untracked 
| 122|0x0000000087a00000, 0x0000000087a00000, 0x0000000087b00000|  0%| F|  |TAMS 0x0000000087a00000, 0x0000000087a00000| Untracked 
| 123|0x0000000087b00000, 0x0000000087b00000, 0x0000000087c00000|  0%| F|  |TAMS 0x0000000087b00000, 0x0000000087b00000| Untracked 
| 124|0x0000000087c00000, 0x0000000087c00000, 0x0000000087d00000|  0%| F|  |TAMS 0x0000000087c00000, 0x0000000087c00000| Untracked 
| 125|0x0000000087d00000, 0x0000000087d00000, 0x0000000087e00000|  0%| F|  |TAMS 0x0000000087d00000, 0x0000000087d00000| Untracked 
| 126|0x0000000087e00000, 0x0000000087e00000, 0x0000000087f00000|  0%| F|  |TAMS 0x0000000087e00000, 0x0000000087e00000| Untracked 
| 127|0x0000000087f00000, 0x0000000087f00000, 0x0000000088000000|  0%| F|  |TAMS 0x0000000087f00000, 0x0000000087f00000| Untracked 
| 128|0x0000000088000000, 0x0000000088000000, 0x0000000088100000|  0%| F|  |TAMS 0x0000000088000000, 0x0000000088000000| Untracked 
| 129|0x0000000088100000, 0x0000000088100000, 0x0000000088200000|  0%| F|  |TAMS 0x0000000088100000, 0x0000000088100000| Untracked 
| 130|0x0000000088200000, 0x0000000088200000, 0x0000000088300000|  0%| F|  |TAMS 0x0000000088200000, 0x0000000088200000| Untracked 
| 131|0x0000000088300000, 0x0000000088300000, 0x0000000088400000|  0%| F|  |TAMS 0x0000000088300000, 0x0000000088300000| Untracked 
| 132|0x0000000088400000, 0x0000000088400000, 0x0000000088500000|  0%| F|  |TAMS 0x0000000088400000, 0x0000000088400000| Untracked 
| 133|0x0000000088500000, 0x0000000088500000, 0x0000000088600000|  0%| F|  |TAMS 0x0000000088500000, 0x0000000088500000| Untracked 
| 134|0x0000000088600000, 0x0000000088600000, 0x0000000088700000|  0%| F|  |TAMS 0x0000000088600000, 0x0000000088600000| Untracked 
| 135|0x0000000088700000, 0x0000000088700000, 0x0000000088800000|  0%| F|  |TAMS 0x0000000088700000, 0x0000000088700000| Untracked 
| 136|0x0000000088800000, 0x0000000088800000, 0x0000000088900000|  0%| F|  |TAMS 0x0000000088800000, 0x0000000088800000| Untracked 
| 137|0x0000000088900000, 0x0000000088900000, 0x0000000088a00000|  0%| F|  |TAMS 0x0000000088900000, 0x0000000088900000| Untracked 
| 138|0x0000000088a00000, 0x0000000088a00000, 0x0000000088b00000|  0%| F|  |TAMS 0x0000000088a00000, 0x0000000088a00000| Untracked 
| 139|0x0000000088b00000, 0x0000000088b00000, 0x0000000088c00000|  0%| F|  |TAMS 0x0000000088b00000, 0x0000000088b00000| Untracked 
| 140|0x0000000088c00000, 0x0000000088c00000, 0x0000000088d00000|  0%| F|  |TAMS 0x0000000088c00000, 0x0000000088c00000| Untracked 
| 141|0x0000000088d00000, 0x0000000088d00000, 0x0000000088e00000|  0%| F|  |TAMS 0x0000000088d00000, 0x0000000088d00000| Untracked 
| 142|0x0000000088e00000, 0x0000000088e00000, 0x0000000088f00000|  0%| F|  |TAMS 0x0000000088e00000, 0x0000000088e00000| Untracked 
| 143|0x0000000088f00000, 0x0000000088f00000, 0x0000000089000000|  0%| F|  |TAMS 0x0000000088f00000, 0x0000000088f00000| Untracked 
| 144|0x0000000089000000, 0x0000000089000000, 0x0000000089100000|  0%| F|  |TAMS 0x0000000089000000, 0x0000000089000000| Untracked 
| 145|0x0000000089100000, 0x0000000089100000, 0x0000000089200000|  0%| F|  |TAMS 0x0000000089100000, 0x0000000089100000| Untracked 
| 146|0x0000000089200000, 0x0000000089200000, 0x0000000089300000|  0%| F|  |TAMS 0x0000000089200000, 0x0000000089200000| Untracked 
| 147|0x0000000089300000, 0x0000000089300000, 0x0000000089400000|  0%| F|  |TAMS 0x0000000089300000, 0x0000000089300000| Untracked 
| 148|0x0000000089400000, 0x0000000089400000, 0x0000000089500000|  0%| F|  |TAMS 0x0000000089400000, 0x0000000089400000| Untracked 
| 149|0x0000000089500000, 0x0000000089500000, 0x0000000089600000|  0%| F|  |TAMS 0x0000000089500000, 0x0000000089500000| Untracked 
| 150|0x0000000089600000, 0x0000000089600000, 0x0000000089700000|  0%| F|  |TAMS 0x0000000089600000, 0x0000000089600000| Untracked 
| 151|0x0000000089700000, 0x0000000089700000, 0x0000000089800000|  0%| F|  |TAMS 0x0000000089700000, 0x0000000089700000| Untracked 
| 152|0x0000000089800000, 0x0000000089800000, 0x0000000089900000|  0%| F|  |TAMS 0x0000000089800000, 0x0000000089800000| Untracked 
| 153|0x0000000089900000, 0x0000000089900000, 0x0000000089a00000|  0%| F|  |TAMS 0x0000000089900000, 0x0000000089900000| Untracked 
| 154|0x0000000089a00000, 0x0000000089a00000, 0x0000000089b00000|  0%| F|  |TAMS 0x0000000089a00000, 0x0000000089a00000| Untracked 
| 155|0x0000000089b00000, 0x0000000089b00000, 0x0000000089c00000|  0%| F|  |TAMS 0x0000000089b00000, 0x0000000089b00000| Untracked 
| 156|0x0000000089c00000, 0x0000000089c00000, 0x0000000089d00000|  0%| F|  |TAMS 0x0000000089c00000, 0x0000000089c00000| Untracked 
| 157|0x0000000089d00000, 0x0000000089d00000, 0x0000000089e00000|  0%| F|  |TAMS 0x0000000089d00000, 0x0000000089d00000| Untracked 
| 158|0x0000000089e00000, 0x0000000089e00000, 0x0000000089f00000|  0%| F|  |TAMS 0x0000000089e00000, 0x0000000089e00000| Untracked 
| 159|0x0000000089f00000, 0x0000000089f00000, 0x000000008a000000|  0%| F|  |TAMS 0x0000000089f00000, 0x0000000089f00000| Untracked 
| 160|0x000000008a000000, 0x000000008a000000, 0x000000008a100000|  0%| F|  |TAMS 0x000000008a000000, 0x000000008a000000| Untracked 
| 161|0x000000008a100000, 0x000000008a100000, 0x000000008a200000|  0%| F|  |TAMS 0x000000008a100000, 0x000000008a100000| Untracked 
| 162|0x000000008a200000, 0x000000008a200000, 0x000000008a300000|  0%| F|  |TAMS 0x000000008a200000, 0x000000008a200000| Untracked 
| 163|0x000000008a300000, 0x000000008a300000, 0x000000008a400000|  0%| F|  |TAMS 0x000000008a300000, 0x000000008a300000| Untracked 
| 164|0x000000008a400000, 0x000000008a400000, 0x000000008a500000|  0%| F|  |TAMS 0x000000008a400000, 0x000000008a400000| Untracked 
| 165|0x000000008a500000, 0x000000008a500000, 0x000000008a600000|  0%| F|  |TAMS 0x000000008a500000, 0x000000008a500000| Untracked 
| 166|0x000000008a600000, 0x000000008a600000, 0x000000008a700000|  0%| F|  |TAMS 0x000000008a600000, 0x000000008a600000| Untracked 
| 167|0x000000008a700000, 0x000000008a700000, 0x000000008a800000|  0%| F|  |TAMS 0x000000008a700000, 0x000000008a700000| Untracked 
| 168|0x000000008a800000, 0x000000008a800000, 0x000000008a900000|  0%| F|  |TAMS 0x000000008a800000, 0x000000008a800000| Untracked 
| 169|0x000000008a900000, 0x000000008a900000, 0x000000008aa00000|  0%| F|  |TAMS 0x000000008a900000, 0x000000008a900000| Untracked 
| 170|0x000000008aa00000, 0x000000008aa00000, 0x000000008ab00000|  0%| F|  |TAMS 0x000000008aa00000, 0x000000008aa00000| Untracked 
| 171|0x000000008ab00000, 0x000000008ab00000, 0x000000008ac00000|  0%| F|  |TAMS 0x000000008ab00000, 0x000000008ab00000| Untracked 
| 172|0x000000008ac00000, 0x000000008ac00000, 0x000000008ad00000|  0%| F|  |TAMS 0x000000008ac00000, 0x000000008ac00000| Untracked 
| 173|0x000000008ad00000, 0x000000008ad00000, 0x000000008ae00000|  0%| F|  |TAMS 0x000000008ad00000, 0x000000008ad00000| Untracked 
| 174|0x000000008ae00000, 0x000000008ae00000, 0x000000008af00000|  0%| F|  |TAMS 0x000000008ae00000, 0x000000008ae00000| Untracked 
| 175|0x000000008af00000, 0x000000008af00000, 0x000000008b000000|  0%| F|  |TAMS 0x000000008af00000, 0x000000008af00000| Untracked 
| 176|0x000000008b000000, 0x000000008b000000, 0x000000008b100000|  0%| F|  |TAMS 0x000000008b000000, 0x000000008b000000| Untracked 
| 177|0x000000008b100000, 0x000000008b100000, 0x000000008b200000|  0%| F|  |TAMS 0x000000008b100000, 0x000000008b100000| Untracked 
| 178|0x000000008b200000, 0x000000008b200000, 0x000000008b300000|  0%| F|  |TAMS 0x000000008b200000, 0x000000008b200000| Untracked 
| 179|0x000000008b300000, 0x000000008b300000, 0x000000008b400000|  0%| F|  |TAMS 0x000000008b300000, 0x000000008b300000| Untracked 
| 180|0x000000008b400000, 0x000000008b400000, 0x000000008b500000|  0%| F|  |TAMS 0x000000008b400000, 0x000000008b400000| Untracked 
| 181|0x000000008b500000, 0x000000008b500000, 0x000000008b600000|  0%| F|  |TAMS 0x000000008b500000, 0x000000008b500000| Untracked 
| 182|0x000000008b600000, 0x000000008b600000, 0x000000008b700000|  0%| F|  |TAMS 0x000000008b600000, 0x000000008b600000| Untracked 
| 183|0x000000008b700000, 0x000000008b700000, 0x000000008b800000|  0%| F|  |TAMS 0x000000008b700000, 0x000000008b700000| Untracked 
| 184|0x000000008b800000, 0x000000008b800000, 0x000000008b900000|  0%| F|  |TAMS 0x000000008b800000, 0x000000008b800000| Untracked 
| 185|0x000000008b900000, 0x000000008b900000, 0x000000008ba00000|  0%| F|  |TAMS 0x000000008b900000, 0x000000008b900000| Untracked 
| 186|0x000000008ba00000, 0x000000008ba00000, 0x000000008bb00000|  0%| F|  |TAMS 0x000000008ba00000, 0x000000008ba00000| Untracked 
| 187|0x000000008bb00000, 0x000000008bb00000, 0x000000008bc00000|  0%| F|  |TAMS 0x000000008bb00000, 0x000000008bb00000| Untracked 
| 188|0x000000008bc00000, 0x000000008bc00000, 0x000000008bd00000|  0%| F|  |TAMS 0x000000008bc00000, 0x000000008bc00000| Untracked 
| 189|0x000000008bd00000, 0x000000008bd00000, 0x000000008be00000|  0%| F|  |TAMS 0x000000008bd00000, 0x000000008bd00000| Untracked 
| 190|0x000000008be00000, 0x000000008be00000, 0x000000008bf00000|  0%| F|  |TAMS 0x000000008be00000, 0x000000008be00000| Untracked 
| 191|0x000000008bf00000, 0x000000008bf00000, 0x000000008c000000|  0%| F|  |TAMS 0x000000008bf00000, 0x000000008bf00000| Untracked 
| 192|0x000000008c000000, 0x000000008c000000, 0x000000008c100000|  0%| F|  |TAMS 0x000000008c000000, 0x000000008c000000| Untracked 
| 193|0x000000008c100000, 0x000000008c100000, 0x000000008c200000|  0%| F|  |TAMS 0x000000008c100000, 0x000000008c100000| Untracked 
| 194|0x000000008c200000, 0x000000008c200000, 0x000000008c300000|  0%| F|  |TAMS 0x000000008c200000, 0x000000008c200000| Untracked 
| 195|0x000000008c300000, 0x000000008c300000, 0x000000008c400000|  0%| F|  |TAMS 0x000000008c300000, 0x000000008c300000| Untracked 
| 196|0x000000008c400000, 0x000000008c400000, 0x000000008c500000|  0%| F|  |TAMS 0x000000008c400000, 0x000000008c400000| Untracked 
| 197|0x000000008c500000, 0x000000008c500000, 0x000000008c600000|  0%| F|  |TAMS 0x000000008c500000, 0x000000008c500000| Untracked 
| 198|0x000000008c600000, 0x000000008c600000, 0x000000008c700000|  0%| F|  |TAMS 0x000000008c600000, 0x000000008c600000| Untracked 
| 199|0x000000008c700000, 0x000000008c700000, 0x000000008c800000|  0%| F|  |TAMS 0x000000008c700000, 0x000000008c700000| Untracked 
| 200|0x000000008c800000, 0x000000008c800000, 0x000000008c900000|  0%| F|  |TAMS 0x000000008c800000, 0x000000008c800000| Untracked 
| 201|0x000000008c900000, 0x000000008c900000, 0x000000008ca00000|  0%| F|  |TAMS 0x000000008c900000, 0x000000008c900000| Untracked 
| 202|0x000000008ca00000, 0x000000008ca00000, 0x000000008cb00000|  0%| F|  |TAMS 0x000000008ca00000, 0x000000008ca00000| Untracked 
| 203|0x000000008cb00000, 0x000000008cb00000, 0x000000008cc00000|  0%| F|  |TAMS 0x000000008cb00000, 0x000000008cb00000| Untracked 
| 204|0x000000008cc00000, 0x000000008cc73b38, 0x000000008cd00000| 45%| E|  |TAMS 0x000000008cc00000, 0x000000008cc00000| Complete 
| 205|0x000000008cd00000, 0x000000008ce00000, 0x000000008ce00000|100%| E|CS|TAMS 0x000000008cd00000, 0x000000008cd00000| Complete 
| 206|0x000000008ce00000, 0x000000008cf00000, 0x000000008cf00000|100%| E|CS|TAMS 0x000000008ce00000, 0x000000008ce00000| Complete 
| 207|0x000000008cf00000, 0x000000008d000000, 0x000000008d000000|100%| E|CS|TAMS 0x000000008cf00000, 0x000000008cf00000| Complete 
| 208|0x000000008d000000, 0x000000008d100000, 0x000000008d100000|100%| E|CS|TAMS 0x000000008d000000, 0x000000008d000000| Complete 
| 209|0x000000008d100000, 0x000000008d200000, 0x000000008d200000|100%| E|CS|TAMS 0x000000008d100000, 0x000000008d100000| Complete 
| 210|0x000000008d200000, 0x000000008d300000, 0x000000008d300000|100%| E|CS|TAMS 0x000000008d200000, 0x000000008d200000| Complete 
| 211|0x000000008d300000, 0x000000008d400000, 0x000000008d400000|100%| E|CS|TAMS 0x000000008d300000, 0x000000008d300000| Complete 
| 212|0x000000008d400000, 0x000000008d500000, 0x000000008d500000|100%| E|CS|TAMS 0x000000008d400000, 0x000000008d400000| Complete 
| 213|0x000000008d500000, 0x000000008d600000, 0x000000008d600000|100%| E|CS|TAMS 0x000000008d500000, 0x000000008d500000| Complete 
| 214|0x000000008d600000, 0x000000008d700000, 0x000000008d700000|100%| E|CS|TAMS 0x000000008d600000, 0x000000008d600000| Complete 
| 215|0x000000008d700000, 0x000000008d800000, 0x000000008d800000|100%| E|CS|TAMS 0x000000008d700000, 0x000000008d700000| Complete 
| 216|0x000000008d800000, 0x000000008d900000, 0x000000008d900000|100%| E|CS|TAMS 0x000000008d800000, 0x000000008d800000| Complete 
| 217|0x000000008d900000, 0x000000008da00000, 0x000000008da00000|100%| E|  |TAMS 0x000000008d900000, 0x000000008d900000| Complete 
| 218|0x000000008da00000, 0x000000008db00000, 0x000000008db00000|100%| E|CS|TAMS 0x000000008da00000, 0x000000008da00000| Complete 
| 219|0x000000008db00000, 0x000000008dc00000, 0x000000008dc00000|100%| E|CS|TAMS 0x000000008db00000, 0x000000008db00000| Complete 
| 220|0x000000008dc00000, 0x000000008dd00000, 0x000000008dd00000|100%| E|CS|TAMS 0x000000008dc00000, 0x000000008dc00000| Complete 
| 221|0x000000008dd00000, 0x000000008dd76278, 0x000000008de00000| 46%| S|CS|TAMS 0x000000008dd00000, 0x000000008dd00000| Complete 
| 222|0x000000008de00000, 0x000000008df00000, 0x000000008df00000|100%| S|CS|TAMS 0x000000008de00000, 0x000000008de00000| Complete 
| 223|0x000000008df00000, 0x000000008e000000, 0x000000008e000000|100%| S|CS|TAMS 0x000000008df00000, 0x000000008df00000| Complete 
| 224|0x000000008e000000, 0x000000008e100000, 0x000000008e100000|100%| E|CS|TAMS 0x000000008e000000, 0x000000008e000000| Complete 
| 225|0x000000008e100000, 0x000000008e200000, 0x000000008e200000|100%| E|CS|TAMS 0x000000008e100000, 0x000000008e100000| Complete 
| 226|0x000000008e200000, 0x000000008e300000, 0x000000008e300000|100%| E|CS|TAMS 0x000000008e200000, 0x000000008e200000| Complete 
| 227|0x000000008e300000, 0x000000008e400000, 0x000000008e400000|100%| E|CS|TAMS 0x000000008e300000, 0x000000008e300000| Complete 
| 228|0x000000008e400000, 0x000000008e500000, 0x000000008e500000|100%| S|CS|TAMS 0x000000008e400000, 0x000000008e400000| Complete 
| 229|0x000000008e500000, 0x000000008e600000, 0x000000008e600000|100%| S|CS|TAMS 0x000000008e500000, 0x000000008e500000| Complete 
| 230|0x000000008e600000, 0x000000008e700000, 0x000000008e700000|100%| S|CS|TAMS 0x000000008e600000, 0x000000008e600000| Complete 
| 231|0x000000008e700000, 0x000000008e800000, 0x000000008e800000|100%| S|CS|TAMS 0x000000008e700000, 0x000000008e700000| Complete 
| 232|0x000000008e800000, 0x000000008e900000, 0x000000008e900000|100%| E|CS|TAMS 0x000000008e800000, 0x000000008e800000| Complete 
| 233|0x000000008e900000, 0x000000008ea00000, 0x000000008ea00000|100%| E|CS|TAMS 0x000000008e900000, 0x000000008e900000| Complete 
| 234|0x000000008ea00000, 0x000000008eb00000, 0x000000008eb00000|100%| E|CS|TAMS 0x000000008ea00000, 0x000000008ea00000| Complete 
| 235|0x000000008eb00000, 0x000000008ec00000, 0x000000008ec00000|100%| E|CS|TAMS 0x000000008eb00000, 0x000000008eb00000| Complete 
| 236|0x000000008ec00000, 0x000000008ed00000, 0x000000008ed00000|100%| E|CS|TAMS 0x000000008ec00000, 0x000000008ec00000| Complete 
| 237|0x000000008ed00000, 0x000000008ee00000, 0x000000008ee00000|100%| E|CS|TAMS 0x000000008ed00000, 0x000000008ed00000| Complete 
| 238|0x000000008ee00000, 0x000000008ef00000, 0x000000008ef00000|100%| E|CS|TAMS 0x000000008ee00000, 0x000000008ee00000| Complete 
| 239|0x000000008ef00000, 0x000000008f000000, 0x000000008f000000|100%| E|CS|TAMS 0x000000008ef00000, 0x000000008ef00000| Complete 
| 240|0x000000008f000000, 0x000000008f100000, 0x000000008f100000|100%| E|CS|TAMS 0x000000008f000000, 0x000000008f000000| Complete 
| 241|0x000000008f100000, 0x000000008f200000, 0x000000008f200000|100%| E|CS|TAMS 0x000000008f100000, 0x000000008f100000| Complete 
| 242|0x000000008f200000, 0x000000008f300000, 0x000000008f300000|100%| E|CS|TAMS 0x000000008f200000, 0x000000008f200000| Complete 
| 243|0x000000008f300000, 0x000000008f400000, 0x000000008f400000|100%| E|CS|TAMS 0x000000008f300000, 0x000000008f300000| Complete 
| 244|0x000000008f400000, 0x000000008f500000, 0x000000008f500000|100%| E|CS|TAMS 0x000000008f400000, 0x000000008f400000| Complete 
| 245|0x000000008f500000, 0x000000008f600000, 0x000000008f600000|100%| E|CS|TAMS 0x000000008f500000, 0x000000008f500000| Complete 
| 246|0x000000008f600000, 0x000000008f700000, 0x000000008f700000|100%| E|CS|TAMS 0x000000008f600000, 0x000000008f600000| Complete 
| 247|0x000000008f700000, 0x000000008f800000, 0x000000008f800000|100%| E|CS|TAMS 0x000000008f700000, 0x000000008f700000| Complete 
| 248|0x000000008f800000, 0x000000008f900000, 0x000000008f900000|100%| E|CS|TAMS 0x000000008f800000, 0x000000008f800000| Complete 
| 249|0x000000008f900000, 0x000000008fa00000, 0x000000008fa00000|100%| E|CS|TAMS 0x000000008f900000, 0x000000008f900000| Complete 
| 250|0x000000008fa00000, 0x000000008fb00000, 0x000000008fb00000|100%| E|CS|TAMS 0x000000008fa00000, 0x000000008fa00000| Complete 
| 251|0x000000008fb00000, 0x000000008fc00000, 0x000000008fc00000|100%| E|CS|TAMS 0x000000008fb00000, 0x000000008fb00000| Complete 
| 252|0x000000008fc00000, 0x000000008fd00000, 0x000000008fd00000|100%| E|CS|TAMS 0x000000008fc00000, 0x000000008fc00000| Complete 
| 253|0x000000008fd00000, 0x000000008fe00000, 0x000000008fe00000|100%| E|CS|TAMS 0x000000008fd00000, 0x000000008fd00000| Complete 
| 254|0x000000008fe00000, 0x000000008ff00000, 0x000000008ff00000|100%| E|CS|TAMS 0x000000008fe00000, 0x000000008fe00000| Complete 
| 255|0x000000008ff00000, 0x0000000090000000, 0x0000000090000000|100%| E|CS|TAMS 0x000000008ff00000, 0x000000008ff00000| Complete 

Card table byte_map: [0x0000015a68490000,0x0000015a68890000] _byte_map_base: 0x0000015a68090000

Marking Bits (Prev, Next): (CMBitMap*) 0x0000015a513d7950, (CMBitMap*) 0x0000015a513d7918
 Prev Bits: [0x0000015a6ac90000, 0x0000015a6cc90000)
 Next Bits: [0x0000015a68c90000, 0x0000015a6ac90000)

Polling page: 0x0000015a4fb50000

Metaspace:

Usage:
  Non-class:     22.56 MB capacity,    22.09 MB ( 98%) used,   403.11 KB (  2%) free+waste,    76.63 KB ( <1%) overhead. 
      Class:      3.08 MB capacity,     2.73 MB ( 89%) used,   312.38 KB ( 10%) free+waste,    39.56 KB (  1%) overhead. 
       Both:     25.64 MB capacity,    24.83 MB ( 97%) used,   715.48 KB (  3%) free+waste,   116.19 KB ( <1%) overhead. 

Virtual space:
  Non-class space:       24.00 MB reserved,      22.75 MB ( 95%) committed 
      Class space:        1.00 GB reserved,       3.13 MB ( <1%) committed 
             Both:        1.02 GB reserved,      25.88 MB (  2%) committed 

Chunk freelists:
   Non-Class:  7.88 KB
       Class:  2.00 KB
        Both:  9.88 KB

CodeHeap 'non-profiled nmethods': size=120064Kb used=1337Kb max_used=1337Kb free=118726Kb
 bounds [0x0000015a60530000, 0x0000015a607a0000, 0x0000015a67a70000]
CodeHeap 'profiled nmethods': size=120000Kb used=6365Kb max_used=6365Kb free=113634Kb
 bounds [0x0000015a59000000, 0x0000015a59640000, 0x0000015a60530000]
CodeHeap 'non-nmethods': size=5696Kb used=2176Kb max_used=2208Kb free=3519Kb
 bounds [0x0000015a58a70000, 0x0000015a58ce0000, 0x0000015a59000000]
 total_blobs=4131 nmethods=3405 adapters=636
 compilation: enabled
              stopped_count=0, restarted_count=0
 full_count=0

Compilation events (10 events):
Event: 4.665 Thread 0x0000015a712a8000 3318       4       java.lang.Character::charCount (12 bytes)
Event: 4.666 Thread 0x0000015a712a8000 nmethod 3318 0x0000015a60678490 code [0x0000015a60678600, 0x0000015a60678658]
Event: 4.666 Thread 0x0000015a6fb77000 nmethod 3361 0x0000015a5961ce10 code [0x0000015a5961d000, 0x0000015a5961d508]
Event: 4.666 Thread 0x0000015a712a8000 3326       4       java.util.regex.Pattern$$Lambda$170/0x0000000100211c40::is (5 bytes)
Event: 4.666 Thread 0x0000015a6fb77000 3362       3       java.util.jar.Attributes::putValue (13 bytes)
Event: 4.667 Thread 0x0000015a712a8000 nmethod 3326 0x0000015a60678710 code [0x0000015a606788a0, 0x0000015a60678978]
Event: 4.667 Thread 0x0000015a6fb77000 nmethod 3362 0x0000015a5961d710 code [0x0000015a5961d960, 0x0000015a5961e3a8]
Event: 4.667 Thread 0x0000015a712a8000 3327       4       java.lang.Character::codePointAt (51 bytes)
Event: 4.670 Thread 0x0000015a712a8000 nmethod 3327 0x0000015a60678a90 code [0x0000015a60678c20, 0x0000015a60678d28]
Event: 4.670 Thread 0x0000015a712a8000 3363   !   4       java.util.concurrent.ConcurrentHashMap::transfer (828 bytes)

GC Heap History (8 events):
Event: 1.049 GC heap before
{Heap before GC invocations=0 (full 0):
 garbage-first heap   total 262144K, used 13312K [0x0000000080000000, 0x0000000100000000)
  region size 1024K, 14 young (14336K), 0 survivors (0K)
 Metaspace       used 11290K, capacity 11485K, committed 11776K, reserved 1060864K
  class space    used 1078K, capacity 1157K, committed 1280K, reserved 1048576K
}
Event: 1.055 GC heap after
{Heap after GC invocations=1 (full 0):
 garbage-first heap   total 262144K, used 3931K [0x0000000080000000, 0x0000000100000000)
  region size 1024K, 2 young (2048K), 2 survivors (2048K)
 Metaspace       used 11290K, capacity 11485K, committed 11776K, reserved 1060864K
  class space    used 1078K, capacity 1157K, committed 1280K, reserved 1048576K
}
Event: 1.351 GC heap before
{Heap before GC invocations=1 (full 0):
 garbage-first heap   total 262144K, used 13147K [0x0000000080000000, 0x0000000100000000)
  region size 1024K, 12 young (12288K), 2 survivors (2048K)
 Metaspace       used 13652K, capacity 14025K, committed 14336K, reserved 1062912K
  class space    used 1298K, capacity 1450K, committed 1536K, reserved 1048576K
}
Event: 1.359 GC heap after
{Heap after GC invocations=2 (full 0):
 garbage-first heap   total 262144K, used 5886K [0x0000000080000000, 0x0000000100000000)
  region size 1024K, 2 young (2048K), 2 survivors (2048K)
 Metaspace       used 13652K, capacity 14025K, committed 14336K, reserved 1062912K
  class space    used 1298K, capacity 1450K, committed 1536K, reserved 1048576K
}
Event: 2.473 GC heap before
{Heap before GC invocations=2 (full 0):
 garbage-first heap   total 262144K, used 34558K [0x0000000080000000, 0x0000000100000000)
  region size 1024K, 28 young (28672K), 2 survivors (2048K)
 Metaspace       used 17142K, capacity 17525K, committed 17792K, reserved 1064960K
  class space    used 1655K, capacity 1793K, committed 1920K, reserved 1048576K
}
Event: 2.485 GC heap after
{Heap after GC invocations=3 (full 0):
 garbage-first heap   total 262144K, used 8138K [0x0000000080000000, 0x0000000100000000)
  region size 1024K, 4 young (4096K), 4 survivors (4096K)
 Metaspace       used 17142K, capacity 17525K, committed 17792K, reserved 1064960K
  class space    used 1655K, capacity 1793K, committed 1920K, reserved 1048576K
}
Event: 3.114 GC heap before
{Heap before GC invocations=3 (full 0):
 garbage-first heap   total 262144K, used 31690K [0x0000000080000000, 0x0000000100000000)
  region size 1024K, 28 young (28672K), 4 survivors (4096K)
 Metaspace       used 20635K, capacity 21177K, committed 21296K, reserved 1069056K
  class space    used 2192K, capacity 2415K, committed 2432K, reserved 1048576K
}
Event: 3.125 GC heap after
{Heap after GC invocations=4 (full 0):
 garbage-first heap   total 262144K, used 10762K [0x0000000080000000, 0x0000000100000000)
  region size 1024K, 7 young (7168K), 7 survivors (7168K)
 Metaspace       used 20635K, capacity 21177K, committed 21296K, reserved 1069056K
  class space    used 2192K, capacity 2415K, committed 2432K, reserved 1048576K
}

Deoptimization events (10 events):
Event: 3.664 Thread 0x0000015a71272800 Uncommon trap: reason=unstable_if action=reinterpret pc=0x0000015a6056132c method=java.util.HashMap.hash(Ljava/lang/Object;)I @ 1 c2
Event: 4.269 Thread 0x0000015a713ec800 Uncommon trap: reason=class_check action=maybe_recompile pc=0x0000015a60537364 method=java.lang.String.equals(Ljava/lang/Object;)Z @ 8 c2
Event: 4.269 Thread 0x0000015a713ec800 Uncommon trap: reason=class_check action=maybe_recompile pc=0x0000015a60537364 method=java.lang.String.equals(Ljava/lang/Object;)Z @ 8 c2
Event: 4.269 Thread 0x0000015a713ec800 Uncommon trap: reason=class_check action=maybe_recompile pc=0x0000015a60537364 method=java.lang.String.equals(Ljava/lang/Object;)Z @ 8 c2
Event: 4.283 Thread 0x0000015a713ec800 Uncommon trap: reason=class_check action=maybe_recompile pc=0x0000015a60537364 method=java.lang.String.equals(Ljava/lang/Object;)Z @ 8 c2
Event: 4.391 Thread 0x0000015a713ec800 Uncommon trap: reason=class_check action=maybe_recompile pc=0x0000015a6057eb18 method=java.util.regex.Pattern$BmpCharProperty.match(Ljava/util/regex/Matcher;ILjava/lang/CharSequence;)Z @ 36 c2
Event: 4.391 Thread 0x0000015a713ec800 Uncommon trap: reason=class_check action=maybe_recompile pc=0x0000015a6057eacc method=java.util.regex.Pattern$BmpCharProperty.match(Ljava/util/regex/Matcher;ILjava/lang/CharSequence;)Z @ 19 c2
Event: 4.403 Thread 0x0000015a71272800 Uncommon trap: reason=unstable_if action=reinterpret pc=0x0000015a605da474 method=java.util.StringTokenizer.scanToken(I)I @ 96 c2
Event: 4.524 Thread 0x0000015a713ec800 Uncommon trap: reason=unstable_if action=reinterpret pc=0x0000015a6066caa4 method=java.util.regex.Pattern$BmpCharProperty.match(Ljava/util/regex/Matcher;ILjava/lang/CharSequence;)Z @ 5 c2
Event: 4.524 Thread 0x0000015a71272800 Uncommon trap: reason=unstable_if action=reinterpret pc=0x0000015a6066caa4 method=java.util.regex.Pattern$BmpCharProperty.match(Ljava/util/regex/Matcher;ILjava/lang/CharSequence;)Z @ 5 c2

Classes redefined (0 events):
No events

Internal exceptions (10 events):
Event: 4.580 Thread 0x0000015a713ec800 Exception <a 'java/lang/ClassNotFoundException'{0x000000008d0ed840}: java/net/URLDecoderBeanInfo> (0x000000008d0ed840) thrown at [./open/src/hotspot/share/classfile/systemDictionary.cpp, line 226]
Event: 4.580 Thread 0x0000015a713ec800 Exception <a 'java/lang/ClassNotFoundException'{0x000000008d0ef018}: java/net/URLDecoderCustomizer> (0x000000008d0ef018) thrown at [./open/src/hotspot/share/classfile/systemDictionary.cpp, line 226]
Event: 4.612 Thread 0x0000015a713ec800 Exception <a 'java/lang/ClassNotFoundException'{0x000000008cf42270}: org/codenarc/report/ReportWriterFactoryBeanInfo> (0x000000008cf42270) thrown at [./open/src/hotspot/share/classfile/systemDictionary.cpp, line 226]
Event: 4.612 Thread 0x0000015a713ec800 Exception <a 'java/lang/ClassNotFoundException'{0x000000008cf47bb0}: org/codenarc/report/ReportWriterFactoryCustomizer> (0x000000008cf47bb0) thrown at [./open/src/hotspot/share/classfile/systemDictionary.cpp, line 226]
Event: 4.634 Thread 0x0000015a713ec800 Exception <a 'java/lang/ClassNotFoundException'{0x000000008cfefe78}: org/codenarc/report/JsonReportWriterBeanInfo> (0x000000008cfefe78) thrown at [./open/src/hotspot/share/classfile/systemDictionary.cpp, line 226]
Event: 4.634 Thread 0x0000015a713ec800 Exception <a 'java/lang/ClassNotFoundException'{0x000000008cff5cd0}: org/codenarc/report/AbstractReportWriterBeanInfo> (0x000000008cff5cd0) thrown at [./open/src/hotspot/share/classfile/systemDictionary.cpp, line 226]
Event: 4.634 Thread 0x0000015a713ec800 Exception <a 'java/lang/ClassNotFoundException'{0x000000008cffbee8}: org/codenarc/report/AbstractReportWriterCustomizer> (0x000000008cffbee8) thrown at [./open/src/hotspot/share/classfile/systemDictionary.cpp, line 226]
Event: 4.637 Thread 0x0000015a713ec800 Exception <a 'java/lang/ClassNotFoundException'{0x000000008ce0a250}: org/codenarc/report/JsonReportWriterCustomizer> (0x000000008ce0a250) thrown at [./open/src/hotspot/share/classfile/systemDictionary.cpp, line 226]
Event: 4.654 Thread 0x0000015a713ec800 Exception <a 'java/lang/ClassNotFoundException'{0x000000008ce49b48}: org/slf4j/LoggerFactoryBeanInfo> (0x000000008ce49b48) thrown at [./open/src/hotspot/share/classfile/systemDictionary.cpp, line 226]
Event: 4.654 Thread 0x0000015a713ec800 Exception <a 'java/lang/ClassNotFoundException'{0x000000008ce4f4e8}: org/slf4j/LoggerFactoryCustomizer> (0x000000008ce4f4e8) thrown at [./open/src/hotspot/share/classfile/systemDictionary.cpp, line 226]

Events (10 events):
Event: 4.670 Thread 0x0000015a713ec800 DEOPT PACKING pc=0x0000015a594f6256 sp=0x0000001db41f3b90
Event: 4.670 Thread 0x0000015a713ec800 DEOPT UNPACKING pc=0x0000015a58a96dde sp=0x0000001db41f30b0 mode 0
Event: 4.671 loading class org/apache/logging/log4j/spi/AbstractLogger
Event: 4.671 loading class org/apache/logging/log4j/spi/AbstractLogger done
Event: 4.673 loading class org/apache/logging/log4j/spi/ExtendedLogger
Event: 4.673 loading class org/apache/logging/log4j/spi/ExtendedLogger done
Event: 4.674 loading class org/apache/logging/log4j/Logger
Event: 4.674 loading class org/apache/logging/log4j/Logger done
Event: 4.684 loading class org/apache/logging/log4j/spi/LocationAwareLogger
Event: 4.684 loading class org/apache/logging/log4j/spi/LocationAwareLogger done


Dynamic libraries:
0x00007ff6bff00000 - 0x00007ff6bff0f000 	C:\Program Files\Java\jdk-11.0.17\bin\java.exe
0x00007ffb32fd0000 - 0x00007ffb331c8000 	C:\WINDOWS\SYSTEM32\ntdll.dll
0x00007ffb32770000 - 0x00007ffb3282f000 	C:\WINDOWS\System32\KERNEL32.DLL
0x00007ffb30b20000 - 0x00007ffb30df2000 	C:\WINDOWS\System32\KERNELBASE.dll
0x00007ffb306c0000 - 0x00007ffb307c0000 	C:\WINDOWS\System32\ucrtbase.dll
0x00007ffb287f0000 - 0x00007ffb28808000 	C:\Program Files\Java\jdk-11.0.17\bin\jli.dll
0x00007ffb32a70000 - 0x00007ffb32b1e000 	C:\WINDOWS\System32\ADVAPI32.dll
0x00007ffb31010000 - 0x00007ffb310ae000 	C:\WINDOWS\System32\msvcrt.dll
0x00007ffb32970000 - 0x00007ffb32a0c000 	C:\WINDOWS\System32\sechost.dll
0x00007ffb32cb0000 - 0x00007ffb32dd5000 	C:\WINDOWS\System32\RPCRT4.dll
0x00007ffb32de0000 - 0x00007ffb32f81000 	C:\WINDOWS\System32\USER32.dll
0x00007ffb307c0000 - 0x00007ffb307e2000 	C:\WINDOWS\System32\win32u.dll
0x00007ffb32b20000 - 0x00007ffb32b4b000 	C:\WINDOWS\System32\GDI32.dll
0x00007ffb30860000 - 0x00007ffb3096f000 	C:\WINDOWS\System32\gdi32full.dll
0x00007ffb30a80000 - 0x00007ffb30b1d000 	C:\WINDOWS\System32\msvcp_win.dll
0x00007ffb18f20000 - 0x00007ffb191ba000 	C:\WINDOWS\WinSxS\amd64_microsoft.windows.common-controls_6595b64144ccf1df_6.0.19041.1110_none_60b5254171f9507e\COMCTL32.dll
0x00007ffb2f410000 - 0x00007ffb2f41a000 	C:\WINDOWS\SYSTEM32\VERSION.dll
0x00007ffb287d0000 - 0x00007ffb287e5000 	C:\Program Files\Java\jdk-11.0.17\bin\VCRUNTIME140.dll
0x00007ffb310b0000 - 0x00007ffb310e2000 	C:\WINDOWS\System32\IMM32.DLL
0x00007ffb0d570000 - 0x00007ffb0d60b000 	C:\Program Files\Java\jdk-11.0.17\bin\msvcp140.dll
0x00007ffb0c990000 - 0x00007ffb0d4aa000 	C:\Program Files\Java\jdk-11.0.17\bin\server\jvm.dll
0x00007ffb32ca0000 - 0x00007ffb32ca8000 	C:\WINDOWS\System32\PSAPI.DLL
0x00007ffb17f70000 - 0x00007ffb17f79000 	C:\WINDOWS\SYSTEM32\WSOCK32.dll
0x00007ffb32900000 - 0x00007ffb3296b000 	C:\WINDOWS\System32\WS2_32.dll
0x00007ffb098d0000 - 0x00007ffb098f7000 	C:\WINDOWS\SYSTEM32\WINMM.dll
0x00007ffb2f3d0000 - 0x00007ffb2f3e2000 	C:\WINDOWS\SYSTEM32\kernel.appcore.dll
0x00007ffb28890000 - 0x00007ffb288a0000 	C:\Program Files\Java\jdk-11.0.17\bin\verify.dll
0x00007ffb2e150000 - 0x00007ffb2e334000 	C:\WINDOWS\SYSTEM32\DBGHELP.DLL
0x00007ffb183b0000 - 0x00007ffb183e5000 	C:\WINDOWS\SYSTEM32\dbgcore.DLL
0x00007ffb309c0000 - 0x00007ffb30a42000 	C:\WINDOWS\System32\bcryptPrimitives.dll
0x00007ffb281c0000 - 0x00007ffb281e8000 	C:\Program Files\Java\jdk-11.0.17\bin\java.dll
0x00007ffb287c0000 - 0x00007ffb287ca000 	C:\Program Files\Java\jdk-11.0.17\bin\jimage.dll
0x00007ffb25350000 - 0x00007ffb25366000 	C:\Program Files\Java\jdk-11.0.17\bin\zip.dll
0x00007ffb31c70000 - 0x00007ffb323b5000 	C:\WINDOWS\System32\SHELL32.dll
0x00007ffb2ec30000 - 0x00007ffb2f3c2000 	C:\WINDOWS\SYSTEM32\windows.storage.dll
0x00007ffb31620000 - 0x00007ffb31975000 	C:\WINDOWS\System32\combase.dll
0x00007ffb30040000 - 0x00007ffb30070000 	C:\WINDOWS\SYSTEM32\Wldp.dll
0x00007ffb32660000 - 0x00007ffb3270d000 	C:\WINDOWS\System32\SHCORE.dll
0x00007ffb32710000 - 0x00007ffb32765000 	C:\WINDOWS\System32\shlwapi.dll
0x00007ffb30600000 - 0x00007ffb3061f000 	C:\WINDOWS\SYSTEM32\profapi.dll
0x00007ffb17a70000 - 0x00007ffb17a89000 	C:\Program Files\Java\jdk-11.0.17\bin\net.dll
0x00007ffb22f90000 - 0x00007ffb2309c000 	C:\WINDOWS\SYSTEM32\WINHTTP.dll
0x00007ffb2fd80000 - 0x00007ffb2fdea000 	C:\WINDOWS\system32\mswsock.dll
0x00007ffb0d550000 - 0x00007ffb0d562000 	C:\Program Files\Java\jdk-11.0.17\bin\nio.dll
0x00007ffb2ffa0000 - 0x00007ffb2ffb8000 	C:\WINDOWS\SYSTEM32\CRYPTSP.dll
0x00007ffb2f680000 - 0x00007ffb2f6b4000 	C:\WINDOWS\system32\rsaenh.dll
0x00007ffb30a50000 - 0x00007ffb30a77000 	C:\WINDOWS\System32\bcrypt.dll
0x00007ffb305c0000 - 0x00007ffb305ee000 	C:\WINDOWS\SYSTEM32\USERENV.dll
0x00007ffb2ff90000 - 0x00007ffb2ff9c000 	C:\WINDOWS\SYSTEM32\CRYPTBASE.dll
0x00007ffb2fa60000 - 0x00007ffb2fa9b000 	C:\WINDOWS\SYSTEM32\IPHLPAPI.DLL
0x00007ffb328f0000 - 0x00007ffb328f8000 	C:\WINDOWS\System32\NSI.dll
0x00007ffb260e0000 - 0x00007ffb260f7000 	C:\WINDOWS\SYSTEM32\dhcpcsvc6.DLL
0x00007ffb26020000 - 0x00007ffb2603d000 	C:\WINDOWS\SYSTEM32\dhcpcsvc.DLL
0x00007ffb2faa0000 - 0x00007ffb2fb6b000 	C:\WINDOWS\SYSTEM32\DNSAPI.dll
0x00007ffb1c4d0000 - 0x00007ffb1c4da000 	C:\Windows\System32\rasadhlp.dll
0x00007ffb1caa0000 - 0x00007ffb1cb20000 	C:\WINDOWS\System32\fwpuclnt.dll

dbghelp: loaded successfully - version: 4.0.5 - missing functions: none
symbol engine: initialized successfully - sym options: 0x614 - pdb path: .;C:\Program Files\Java\jdk-11.0.17\bin;C:\WINDOWS\SYSTEM32;C:\WINDOWS\WinSxS\amd64_microsoft.windows.common-controls_6595b64144ccf1df_6.0.19041.1110_none_60b5254171f9507e;C:\Program Files\Java\jdk-11.0.17\bin\server

VM Arguments:
jvm_args: -Xms256m -Xmx2048m 
java_command: com.nvuillam.CodeNarcServer --server
java_class_path (initial): c:\Users\asus\.vscode\extensions\nicolasvuillamy.vscode-groovy-lint-2.0.0\server\node_modules\npm-groovy-lint\lib\java\CodeNarcServer.jar;c:\Users\asus\.vscode\extensions\nicolasvuillamy.vscode-groovy-lint-2.0.0\server\node_modules\npm-groovy-lint\lib\java\CodeNarc-3.1.0.jar;c:\Users\asus\.vscode\extensions\nicolasvuillamy.vscode-groovy-lint-2.0.0\server\node_modules\npm-groovy-lint\lib\java\CodeNarcServer.jar;c:\Users\asus\.vscode\extensions\nicolasvuillamy.vscode-groovy-lint-2.0.0\server\node_modules\npm-groovy-lint\lib\java\GMetrics-2.1.0.jar;c:\Users\asus\.vscode\extensions\nicolasvuillamy.vscode-groovy-lint-2.0.0\server\node_modules\npm-groovy-lint\lib\java\log4j-api-2.18.0.jar;c:\Users\asus\.vscode\extensions\nicolasvuillamy.vscode-groovy-lint-2.0.0\server\node_modules\npm-groovy-lint\lib\java\log4j-core-2.18.0.jar;c:\Users\asus\.vscode\extensions\nicolasvuillamy.vscode-groovy-lint-2.0.0\server\node_modules\npm-groovy-lint\lib\java\log4j-slf4j-impl-2.18.0.jar;c:\Users\asus\.vscode\extensions\nicolasvuillamy.vscode-groovy-lint-2.0.0\server\node_modules\npm-groovy-lint\lib\java\slf4j-api-1.7.9.jar
Launcher Type: SUN_STANDARD

[Global flags]
     intx CICompilerCount                          = 3                                         {product} {ergonomic}
     uint ConcGCThreads                            = 1                                         {product} {ergonomic}
     uint G1ConcRefinementThreads                  = 4                                         {product} {ergonomic}
   size_t G1HeapRegionSize                         = 1048576                                   {product} {ergonomic}
    uintx GCDrainStackTargetSize                   = 64                                        {product} {ergonomic}
   size_t InitialHeapSize                          = 268435456                                 {product} {command line}
   size_t MarkStackSize                            = 4194304                                   {product} {ergonomic}
   size_t MaxHeapSize                              = 2147483648                                {product} {command line}
   size_t MaxNewSize                               = 1287651328                                {product} {ergonomic}
   size_t MinHeapDeltaBytes                        = 1048576                                   {product} {ergonomic}
    uintx NonNMethodCodeHeapSize                   = 5830732                                {pd product} {ergonomic}
    uintx NonProfiledCodeHeapSize                  = 122913754                              {pd product} {ergonomic}
    uintx ProfiledCodeHeapSize                     = 122913754                              {pd product} {ergonomic}
    uintx ReservedCodeCacheSize                    = 251658240                              {pd product} {ergonomic}
     bool SegmentedCodeCache                       = true                                      {product} {ergonomic}
     bool UseCompressedClassPointers               = true                                 {lp64_product} {ergonomic}
     bool UseCompressedOops                        = true                                 {lp64_product} {ergonomic}
     bool UseG1GC                                  = true                                      {product} {ergonomic}
     bool UseLargePagesIndividualAllocation        = false                                  {pd product} {ergonomic}

Logging:
Log output configuration:
 #0: stdout all=warning uptime,level,tags
 #1: stderr all=off uptime,level,tags

Environment Variables:
JAVA_HOME=undefined
PATH=C:\Program Files (x86)\VMware\VMware Workstation\bin\;C:\Program Files\Common Files\Oracle\Java\javapath;C:\Program Files\Terraform;C:\Program Files (x86)\VSCode-win32-x64-1.48.0;C:\Program Files\packer_1.6.1;"C:\Program Files\Java\jdk1.8.0_241;";C:\WINDOWS\system32;C:\WINDOWS;C:\WINDOWS\System32\Wbem;C:\WINDOWS\System32\WindowsPowerShell\v1.0\;C:\WINDOWS\System32\OpenSSH\;C:\Program Files\nodejs\;C:\ProgramData\chocolatey\bin;C:\Program Files\Git\cmd;C:\Program Files\Docker\Docker\resources\bin;C:\Python311\Scripts\;C:\Python311\;C:\Users\asus\AppData\Local\Programs\Python\Python311\Scripts\;C:\Users\asus\AppData\Local\Programs\Python\Python311\;C:\Program Files\Git\cmd;C:\Program Files\Java\jdk-11.0.17\;C:\Users\asus\AppData\Local\Microsoft\WindowsApps;C:\Users\asus\AppData\Local\Programs\Microsoft VS Code\bin;C:\Users\asus\AppData\Roaming\npm;C:\terraform;
USERNAME=asus
OS=Windows_NT
PROCESSOR_IDENTIFIER=Intel64 Family 6 Model 142 Stepping 9, GenuineIntel



---------------  S Y S T E M  ---------------

OS: Windows 10 , 64 bit Build 19041 (10.0.19041.2546)
Hyper-V role detected

CPU:total 4 (initial active 4) (2 cores per cpu, 2 threads per core) family 6 model 142 stepping 9 microcode 0xb4, cmov, cx8, fxsr, mmx, sse, sse2, sse3, ssse3, sse4.1, sse4.2, popcnt, avx, avx2, aes, clmul, erms, 3dnowpref, lzcnt, ht, tsc, tscinvbit, bmi1, bmi2, adx, fma

Memory: 4k page, system-wide physical 12166M (1011M free)
TotalPageFile size 12166M (AvailPageFile size 4M)
current process WorkingSet (physical memory assigned to process): 160M, peak: 160M
current process commit charge ("private bytes"): 389M, peak: 389M

vm_info: Java HotSpot(TM) 64-Bit Server VM (11.0.17+10-LTS-269) for windows-amd64 JRE (11.0.17+10-LTS-269), built on Sep 13 2022 19:26:37 by "mach5one" with MS VC++ 15.9 (VS2017)

END.
